<?xml version="1.0" encoding="UTF-8"?>
<testng-results ignored="1" total="4" passed="3" failed="0" skipped="0">
  <reporter-output>
    <line>
      <![CDATA[Get SuiteConnections Done Sucessful]]>
    </line>
    <line>
      <![CDATA[precondition Done Sucessful]]>
    </line>
    <line>
      <![CDATA[BrowserSetup Sucessful]]>
    </line>
    <line>
      <![CDATA[login Sucessful]]>
    </line>
    <line>
      <![CDATA[createUser_InvalidData for Register Test]]>
    </line>
    <line>
      <![CDATA[Logout Sucessful]]>
    </line>
    <line>
      <![CDATA[login Sucessful]]>
    </line>
    <line>
      <![CDATA[createUser_InvalidData for Register Test]]>
    </line>
    <line>
      <![CDATA[Logout Sucessful]]>
    </line>
    <line>
      <![CDATA[login Sucessful]]>
    </line>
    <line>
      <![CDATA[createUser_InvalidData for Register Test]]>
    </line>
    <line>
      <![CDATA[Logout Sucessful]]>
    </line>
    <line>
      <![CDATA[Closebrowser Sucessful]]>
    </line>
    <line>
      <![CDATA[postcondition Done Sucessful]]>
    </line>
    <line>
      <![CDATA[Terminate Suiteconnection Done Sucessful]]>
    </line>
  </reporter-output>
  <suite started-at="2024-08-09T10:48:48 IST" name="Suite" finished-at="2024-08-09T10:48:50 IST" duration-ms="2314">
    <groups>
    </groups>
    <test started-at="2024-08-09T10:48:48 IST" name="Test" finished-at="2024-08-09T10:48:50 IST" duration-ms="2314">
      <class name="com.Amazon.regestertest.RegesterTest">
        <test-method is-config="true" signature="getSuiteConnections()[pri:0, instance:com.Amazon.regestertest.RegesterTest@50ad3bc1]" started-at="2024-08-09T10:48:48 IST" name="getSuiteConnections" finished-at="2024-08-09T10:48:48 IST" duration-ms="9" status="PASS">
          <reporter-output>
            <line>
              <![CDATA[Get SuiteConnections Done Sucessful]]>
            </line>
          </reporter-output>
        </test-method> <!-- getSuiteConnections -->
        <test-method is-config="true" signature="precondition()[pri:0, instance:com.Amazon.regestertest.RegesterTest@50ad3bc1]" started-at="2024-08-09T10:48:48 IST" name="precondition" finished-at="2024-08-09T10:48:48 IST" duration-ms="2" status="PASS">
          <reporter-output>
            <line>
              <![CDATA[precondition Done Sucessful]]>
            </line>
          </reporter-output>
        </test-method> <!-- precondition -->
        <test-method is-config="true" signature="browserSetup(java.lang.String)[pri:0, instance:com.Amazon.regestertest.RegesterTest@50ad3bc1]" started-at="2024-08-09T10:48:48 IST" name="browserSetup" finished-at="2024-08-09T10:48:50 IST" duration-ms="2024" status="PASS">
          <params>
            <param index="0">
              <value>
                <![CDATA[chrome]]>
              </value>
            </param>
          </params>
          <reporter-output>
            <line>
              <![CDATA[BrowserSetup Sucessful]]>
            </line>
          </reporter-output>
        </test-method> <!-- browserSetup -->
        <test-method is-config="true" signature="login()[pri:0, instance:com.Amazon.regestertest.RegesterTest@50ad3bc1]" started-at="2024-08-09T10:48:50 IST" name="login" finished-at="2024-08-09T10:48:50 IST" duration-ms="1" status="PASS">
          <reporter-output>
            <line>
              <![CDATA[login Sucessful]]>
            </line>
          </reporter-output>
        </test-method> <!-- login -->
        <test-method signature="createUser_invalidData(java.lang.String, java.lang.String, java.lang.String)[pri:0, instance:com.Amazon.regestertest.RegesterTest@50ad3bc1]" started-at="2024-08-09T10:48:50 IST" name="createUser_invalidData" data-provider="Registerdata" finished-at="2024-08-09T10:48:50 IST" duration-ms="42" status="PASS">
          <params>
            <param index="0">
              <value>
                <![CDATA[Abhi]]>
              </value>
            </param>
            <param index="1">
              <value>
                <![CDATA[101]]>
              </value>
            </param>
            <param index="2">
              <value>
                <![CDATA[Testing]]>
              </value>
            </param>
          </params>
          <reporter-output>
            <line>
              <![CDATA[createUser_InvalidData for Register Test]]>
            </line>
          </reporter-output>
        </test-method> <!-- createUser_invalidData -->
        <test-method is-config="true" signature="Logout()[pri:0, instance:com.Amazon.regestertest.RegesterTest@50ad3bc1]" started-at="2024-08-09T10:48:50 IST" name="Logout" finished-at="2024-08-09T10:48:50 IST" duration-ms="1" status="PASS">
          <reporter-output>
            <line>
              <![CDATA[Logout Sucessful]]>
            </line>
          </reporter-output>
        </test-method> <!-- Logout -->
        <test-method is-config="true" signature="login()[pri:0, instance:com.Amazon.regestertest.RegesterTest@50ad3bc1]" started-at="2024-08-09T10:48:50 IST" name="login" finished-at="2024-08-09T10:48:50 IST" duration-ms="1" status="PASS">
          <reporter-output>
            <line>
              <![CDATA[login Sucessful]]>
            </line>
          </reporter-output>
        </test-method> <!-- login -->
        <test-method signature="createUser_invalidData(java.lang.String, java.lang.String, java.lang.String)[pri:0, instance:com.Amazon.regestertest.RegesterTest@50ad3bc1]" started-at="2024-08-09T10:48:50 IST" name="createUser_invalidData" data-provider="Registerdata" finished-at="2024-08-09T10:48:50 IST" duration-ms="7" status="PASS">
          <params>
            <param index="0">
              <value>
                <![CDATA[vasu]]>
              </value>
            </param>
            <param index="1">
              <value>
                <![CDATA[102]]>
              </value>
            </param>
            <param index="2">
              <value>
                <![CDATA[Devoleper]]>
              </value>
            </param>
          </params>
          <reporter-output>
            <line>
              <![CDATA[createUser_InvalidData for Register Test]]>
            </line>
          </reporter-output>
        </test-method> <!-- createUser_invalidData -->
        <test-method is-config="true" signature="Logout()[pri:0, instance:com.Amazon.regestertest.RegesterTest@50ad3bc1]" started-at="2024-08-09T10:48:50 IST" name="Logout" finished-at="2024-08-09T10:48:50 IST" duration-ms="1" status="PASS">
          <reporter-output>
            <line>
              <![CDATA[Logout Sucessful]]>
            </line>
          </reporter-output>
        </test-method> <!-- Logout -->
        <test-method is-config="true" signature="login()[pri:0, instance:com.Amazon.regestertest.RegesterTest@50ad3bc1]" started-at="2024-08-09T10:48:50 IST" name="login" finished-at="2024-08-09T10:48:50 IST" duration-ms="1" status="PASS">
          <reporter-output>
            <line>
              <![CDATA[login Sucessful]]>
            </line>
          </reporter-output>
        </test-method> <!-- login -->
        <test-method signature="createUser_invalidData(java.lang.String, java.lang.String, java.lang.String)[pri:0, instance:com.Amazon.regestertest.RegesterTest@50ad3bc1]" started-at="2024-08-09T10:48:50 IST" name="createUser_invalidData" data-provider="Registerdata" finished-at="2024-08-09T10:48:50 IST" duration-ms="4" status="PASS">
          <params>
            <param index="0">
              <value>
                <![CDATA[ram]]>
              </value>
            </param>
            <param index="1">
              <value>
                <![CDATA[103]]>
              </value>
            </param>
            <param index="2">
              <value>
                <![CDATA[finance]]>
              </value>
            </param>
          </params>
          <reporter-output>
            <line>
              <![CDATA[createUser_InvalidData for Register Test]]>
            </line>
          </reporter-output>
        </test-method> <!-- createUser_invalidData -->
        <test-method is-config="true" signature="Logout()[pri:0, instance:com.Amazon.regestertest.RegesterTest@50ad3bc1]" started-at="2024-08-09T10:48:50 IST" name="Logout" finished-at="2024-08-09T10:48:50 IST" duration-ms="2" status="PASS">
          <reporter-output>
            <line>
              <![CDATA[Logout Sucessful]]>
            </line>
          </reporter-output>
        </test-method> <!-- Logout -->
        <test-method is-config="true" signature="closebrowser()[pri:0, instance:com.Amazon.regestertest.RegesterTest@50ad3bc1]" started-at="2024-08-09T10:48:50 IST" name="closebrowser" finished-at="2024-08-09T10:48:50 IST" duration-ms="168" status="PASS">
          <reporter-output>
            <line>
              <![CDATA[Closebrowser Sucessful]]>
            </line>
          </reporter-output>
        </test-method> <!-- closebrowser -->
        <test-method is-config="true" signature="postcondition()[pri:0, instance:com.Amazon.regestertest.RegesterTest@50ad3bc1]" started-at="2024-08-09T10:48:50 IST" name="postcondition" finished-at="2024-08-09T10:48:50 IST" duration-ms="2" status="PASS">
          <reporter-output>
            <line>
              <![CDATA[postcondition Done Sucessful]]>
            </line>
          </reporter-output>
        </test-method> <!-- postcondition -->
        <test-method is-config="true" signature="terminateSuiteconnection()[pri:0, instance:com.Amazon.regestertest.RegesterTest@50ad3bc1]" started-at="2024-08-09T10:48:50 IST" name="terminateSuiteconnection" finished-at="2024-08-09T10:48:50 IST" duration-ms="2" status="PASS">
          <reporter-output>
            <line>
              <![CDATA[Terminate Suiteconnection Done Sucessful]]>
            </line>
          </reporter-output>
        </test-method> <!-- terminateSuiteconnection -->
      </class> <!-- com.Amazon.regestertest.RegesterTest -->
    </test> <!-- Test -->
  </suite> <!-- Suite -->
</testng-results>
