<?xml version="1.0" encoding="UTF-8"?>
<!-- Generated by org.testng.reporters.JUnitXMLReporter -->
<testsuite ignored="1" hostname="sreevani" failures="0" tests="3" name="Test" time="2.314" errors="0" timestamp="2024-08-09T10:48:50 IST">
  <testcase classname="com.Amazon.regestertest.RegesterTest" name="createUser_invalidData" time="0.042"/>
  <testcase classname="com.Amazon.regestertest.RegesterTest" name="createUser_invalidData" time="0.007"/>
  <testcase classname="com.Amazon.regestertest.RegesterTest" name="createUser_invalidData" time="0.004"/>
  <testcase classname="com.Amazon.regestertest.RegesterTest" name="createUser_validData" time="0.0">
    <ignored/>
  </testcase> <!-- createUser_validData -->
</testsuite> <!-- Test -->
